<?xml version="1.0" encoding="UTF-8"?>
<!-- Generated by org.testng.reporters.JUnitReportReporter -->
<testsuite hostname="SoapMcTavish" failures="0" tests="3" name="testCases.ForgotPasswordPageTestCase" time="23.606" errors="0" timestamp="2024-01-23T14:43:55 IST" skipped="0">
  <testcase classname="testCases.ForgotPasswordPageTestCase" name="verifyPageHeaderTestCase" time="7.335"/>
  <testcase classname="testCases.ForgotPasswordPageTestCase" name="verifyErrorMessageTestCase" time="8.808"/>
  <testcase classname="testCases.ForgotPasswordPageTestCase" name="verifyBackToLoginPageLinkTestCase" time="7.463"/>
</testsuite> <!-- testCases.ForgotPasswordPageTestCase -->
