<?xml version="1.0" encoding="UTF-8"?>
<!-- Generated by org.testng.reporters.JUnitReportReporter -->
<testsuite hostname="SoapMcTavish" failures="0" tests="3" name="testCases.ForgotPasswordPageTestCase" time="21.852" errors="0" timestamp="2024-01-24T20:38:44 IST" skipped="0">
  <testcase classname="testCases.ForgotPasswordPageTestCase" name="verifyPageHeaderTestCase" time="7.046"/>
  <testcase classname="testCases.ForgotPasswordPageTestCase" name="verifyErrorMessageTestCase" time="7.248"/>
  <testcase classname="testCases.ForgotPasswordPageTestCase" name="verifyBackToLoginPageLinkTestCase" time="7.558"/>
</testsuite> <!-- testCases.ForgotPasswordPageTestCase -->
