<?xml version="1.0" encoding="UTF-8"?>
<!-- Generated by org.testng.reporters.JUnitReportReporter -->
<testsuite hostname="SoapMcTavish" failures="0" tests="5" name="testCases.LoginPageTestCase" time="21.099" errors="0" timestamp="2024-01-23T13:53:55 IST" skipped="0">
  <testcase classname="testCases.LoginPageTestCase" name="loginTestCase" time="4.234"/>
  <testcase classname="testCases.LoginPageTestCase" name="loginTestCaseUsingKeyBoardOnly" time="5.380"/>
  <testcase classname="testCases.LoginPageTestCase" name="verifyTitleTestCase" time="1.648"/>
  <testcase classname="testCases.LoginPageTestCase" name="verifyLogoTestCase" time="1.972"/>
  <testcase classname="testCases.LoginPageTestCase" name="verifyForgotPasswordFunctionality" time="7.865"/>
</testsuite> <!-- testCases.LoginPageTestCase -->
