<?xml version="1.0" encoding="UTF-8"?>
<!-- Generated by org.testng.reporters.JUnitReportReporter -->
<testsuite hostname="SoapMcTavish" failures="0" tests="5" name="testCases.LoginPageTestCase" time="21.154" errors="0" timestamp="2024-01-24T20:38:44 IST" skipped="0">
  <testcase classname="testCases.LoginPageTestCase" name="loginTestCase" time="5.012"/>
  <testcase classname="testCases.LoginPageTestCase" name="loginTestCaseUsingKeyBoardOnly" time="5.357"/>
  <testcase classname="testCases.LoginPageTestCase" name="verifyTitleTestCase" time="1.752"/>
  <testcase classname="testCases.LoginPageTestCase" name="verifyLogoTestCase" time="1.958"/>
  <testcase classname="testCases.LoginPageTestCase" name="verifyForgotPasswordFunctionality" time="7.075"/>
</testsuite> <!-- testCases.LoginPageTestCase -->
